{"D:\\Projekan\\Personal\\Kosabi\\src\\application\\web.js": {"path":"D:\\Projekan\\Personal\\Kosabi\\src\\application\\web.js","statementMap":{"0":{"start":{"line":8,"column":12},"end":{"line":8,"column":21}},"1":{"start":{"line":11,"column":0},"end":{"line":11,"column":24}},"2":{"start":{"line":12,"column":0},"end":{"line":12,"column":48}},"3":{"start":{"line":13,"column":0},"end":{"line":13,"column":27}},"4":{"start":{"line":16,"column":0},"end":{"line":16,"column":20}},"5":{"start":{"line":17,"column":0},"end":{"line":17,"column":29}},"6":{"start":{"line":18,"column":0},"end":{"line":18,"column":20}},"7":{"start":{"line":19,"column":0},"end":{"line":19,"column":20}},"8":{"start":{"line":21,"column":0},"end":{"line":23,"column":3}},"9":{"start":{"line":22,"column":2},"end":{"line":22,"column":50}}},"fnMap":{"0":{"name":"(anonymous_0)","decl":{"start":{"line":21,"column":13},"end":{"line":21,"column":14}},"loc":{"start":{"line":21,"column":27},"end":{"line":23,"column":1}},"line":21}},"branchMap":{},"s":{"0":1,"1":1,"2":1,"3":1,"4":1,"5":1,"6":1,"7":1,"8":1,"9":0},"f":{"0":0},"b":{},"_coverageSchema":"1a1c01bbd47fc00a2c39e90264f33305004495a9","hash":"294b77ff59e2e51c4643908ed62268df623a04d8"}
,"D:\\Projekan\\Personal\\Kosabi\\src\\config\\index.js": {"path":"D:\\Projekan\\Personal\\Kosabi\\src\\config\\index.js","statementMap":{"0":{"start":{"line":3,"column":0},"end":{"line":3,"column":16}}},"fnMap":{},"branchMap":{},"s":{"0":1},"f":{},"b":{},"_coverageSchema":"1a1c01bbd47fc00a2c39e90264f33305004495a9","hash":"db916c4bb503db1c5bf7b4b18c27cf8c0c090d6c"}
,"D:\\Projekan\\Personal\\Kosabi\\src\\controllers\\authController.js": {"path":"D:\\Projekan\\Personal\\Kosabi\\src\\controllers\\authController.js","statementMap":{"0":{"start":{"line":5,"column":4},"end":{"line":10,"column":5}},"1":{"start":{"line":6,"column":20},"end":{"line":6,"column":61}},"2":{"start":{"line":7,"column":6},"end":{"line":7,"column":76}},"3":{"start":{"line":9,"column":6},"end":{"line":9,"column":51}},"4":{"start":{"line":14,"column":4},"end":{"line":19,"column":5}},"5":{"start":{"line":15,"column":21},"end":{"line":15,"column":63}},"6":{"start":{"line":16,"column":6},"end":{"line":16,"column":78}},"7":{"start":{"line":18,"column":6},"end":{"line":18,"column":51}},"8":{"start":{"line":23,"column":4},"end":{"line":28,"column":5}},"9":{"start":{"line":24,"column":21},"end":{"line":24,"column":54}},"10":{"start":{"line":25,"column":6},"end":{"line":25,"column":69}},"11":{"start":{"line":27,"column":6},"end":{"line":27,"column":51}},"12":{"start":{"line":32,"column":4},"end":{"line":38,"column":5}},"13":{"start":{"line":33,"column":21},"end":{"line":33,"column":34}},"14":{"start":{"line":34,"column":21},"end":{"line":34,"column":71}},"15":{"start":{"line":35,"column":6},"end":{"line":35,"column":48}},"16":{"start":{"line":37,"column":6},"end":{"line":37,"column":51}}},"fnMap":{"0":{"name":"(anonymous_0)","decl":{"start":{"line":4,"column":2},"end":{"line":4,"column":3}},"loc":{"start":{"line":4,"column":32},"end":{"line":11,"column":3}},"line":4},"1":{"name":"(anonymous_1)","decl":{"start":{"line":13,"column":2},"end":{"line":13,"column":3}},"loc":{"start":{"line":13,"column":33},"end":{"line":20,"column":3}},"line":13},"2":{"name":"(anonymous_2)","decl":{"start":{"line":22,"column":2},"end":{"line":22,"column":3}},"loc":{"start":{"line":22,"column":24},"end":{"line":29,"column":3}},"line":22},"3":{"name":"(anonymous_3)","decl":{"start":{"line":31,"column":2},"end":{"line":31,"column":3}},"loc":{"start":{"line":31,"column":33},"end":{"line":39,"column":3}},"line":31}},"branchMap":{},"s":{"0":8,"1":8,"2":2,"3":6,"4":0,"5":0,"6":0,"7":0,"8":0,"9":0,"10":0,"11":0,"12":0,"13":0,"14":0,"15":0,"16":0},"f":{"0":8,"1":0,"2":0,"3":0},"b":{},"_coverageSchema":"1a1c01bbd47fc00a2c39e90264f33305004495a9","hash":"0aae7a16d411e0174c75228aff5228ae22bf2ca5"}
,"D:\\Projekan\\Personal\\Kosabi\\src\\controllers\\boardingHouseController.js": {"path":"D:\\Projekan\\Personal\\Kosabi\\src\\controllers\\boardingHouseController.js","statementMap":{"0":{"start":{"line":5,"column":4},"end":{"line":10,"column":5}},"1":{"start":{"line":6,"column":29},"end":{"line":6,"column":77}},"2":{"start":{"line":7,"column":6},"end":{"line":7,"column":43}},"3":{"start":{"line":9,"column":6},"end":{"line":9,"column":53}},"4":{"start":{"line":14,"column":4},"end":{"line":21,"column":5}},"5":{"start":{"line":15,"column":28},"end":{"line":17,"column":7}},"6":{"start":{"line":18,"column":6},"end":{"line":18,"column":42}},"7":{"start":{"line":20,"column":6},"end":{"line":20,"column":53}},"8":{"start":{"line":25,"column":4},"end":{"line":33,"column":5}},"9":{"start":{"line":26,"column":27},"end":{"line":29,"column":7}},"10":{"start":{"line":30,"column":6},"end":{"line":30,"column":66}},"11":{"start":{"line":32,"column":6},"end":{"line":32,"column":69}},"12":{"start":{"line":37,"column":4},"end":{"line":46,"column":5}},"13":{"start":{"line":38,"column":27},"end":{"line":42,"column":7}},"14":{"start":{"line":43,"column":6},"end":{"line":43,"column":66}},"15":{"start":{"line":45,"column":6},"end":{"line":45,"column":69}},"16":{"start":{"line":50,"column":4},"end":{"line":57,"column":5}},"17":{"start":{"line":51,"column":27},"end":{"line":53,"column":7}},"18":{"start":{"line":54,"column":6},"end":{"line":54,"column":69}},"19":{"start":{"line":56,"column":6},"end":{"line":56,"column":53}}},"fnMap":{"0":{"name":"(anonymous_0)","decl":{"start":{"line":4,"column":2},"end":{"line":4,"column":3}},"loc":{"start":{"line":4,"column":25},"end":{"line":11,"column":3}},"line":4},"1":{"name":"(anonymous_1)","decl":{"start":{"line":13,"column":2},"end":{"line":13,"column":3}},"loc":{"start":{"line":13,"column":26},"end":{"line":22,"column":3}},"line":13},"2":{"name":"(anonymous_2)","decl":{"start":{"line":24,"column":2},"end":{"line":24,"column":3}},"loc":{"start":{"line":24,"column":25},"end":{"line":34,"column":3}},"line":24},"3":{"name":"(anonymous_3)","decl":{"start":{"line":36,"column":2},"end":{"line":36,"column":3}},"loc":{"start":{"line":36,"column":25},"end":{"line":47,"column":3}},"line":36},"4":{"name":"(anonymous_4)","decl":{"start":{"line":49,"column":2},"end":{"line":49,"column":3}},"loc":{"start":{"line":49,"column":25},"end":{"line":58,"column":3}},"line":49}},"branchMap":{},"s":{"0":0,"1":0,"2":0,"3":0,"4":0,"5":0,"6":0,"7":0,"8":0,"9":0,"10":0,"11":0,"12":0,"13":0,"14":0,"15":0,"16":0,"17":0,"18":0,"19":0},"f":{"0":0,"1":0,"2":0,"3":0,"4":0},"b":{},"_coverageSchema":"1a1c01bbd47fc00a2c39e90264f33305004495a9","hash":"42f3c671892b51ec7a240820f449ebfabbb1f987"}
,"D:\\Projekan\\Personal\\Kosabi\\src\\controllers\\roomController.js": {"path":"D:\\Projekan\\Personal\\Kosabi\\src\\controllers\\roomController.js","statementMap":{"0":{"start":{"line":5,"column":4},"end":{"line":10,"column":5}},"1":{"start":{"line":6,"column":20},"end":{"line":6,"column":51}},"2":{"start":{"line":7,"column":6},"end":{"line":7,"column":34}},"3":{"start":{"line":9,"column":6},"end":{"line":9,"column":53}},"4":{"start":{"line":14,"column":4},"end":{"line":19,"column":5}},"5":{"start":{"line":15,"column":19},"end":{"line":15,"column":63}},"6":{"start":{"line":16,"column":6},"end":{"line":16,"column":33}},"7":{"start":{"line":18,"column":6},"end":{"line":18,"column":53}},"8":{"start":{"line":23,"column":4},"end":{"line":28,"column":5}},"9":{"start":{"line":24,"column":27},"end":{"line":24,"column":76}},"10":{"start":{"line":25,"column":6},"end":{"line":25,"column":66}},"11":{"start":{"line":27,"column":6},"end":{"line":27,"column":53}},"12":{"start":{"line":32,"column":4},"end":{"line":41,"column":5}},"13":{"start":{"line":33,"column":27},"end":{"line":37,"column":7}},"14":{"start":{"line":38,"column":6},"end":{"line":38,"column":66}},"15":{"start":{"line":40,"column":6},"end":{"line":40,"column":53}},"16":{"start":{"line":45,"column":4},"end":{"line":50,"column":5}},"17":{"start":{"line":46,"column":27},"end":{"line":46,"column":70}},"18":{"start":{"line":47,"column":6},"end":{"line":47,"column":69}},"19":{"start":{"line":49,"column":6},"end":{"line":49,"column":53}},"20":{"start":{"line":54,"column":4},"end":{"line":59,"column":5}},"21":{"start":{"line":55,"column":29},"end":{"line":55,"column":66}},"22":{"start":{"line":56,"column":6},"end":{"line":56,"column":68}},"23":{"start":{"line":58,"column":6},"end":{"line":58,"column":53}},"24":{"start":{"line":63,"column":4},"end":{"line":68,"column":5}},"25":{"start":{"line":64,"column":28},"end":{"line":64,"column":64}},"26":{"start":{"line":65,"column":6},"end":{"line":65,"column":67}},"27":{"start":{"line":67,"column":6},"end":{"line":67,"column":53}},"28":{"start":{"line":72,"column":4},"end":{"line":77,"column":5}},"29":{"start":{"line":73,"column":30},"end":{"line":73,"column":68}},"30":{"start":{"line":74,"column":6},"end":{"line":74,"column":69}},"31":{"start":{"line":76,"column":6},"end":{"line":76,"column":53}},"32":{"start":{"line":81,"column":4},"end":{"line":86,"column":5}},"33":{"start":{"line":82,"column":28},"end":{"line":82,"column":64}},"34":{"start":{"line":83,"column":6},"end":{"line":83,"column":67}},"35":{"start":{"line":85,"column":6},"end":{"line":85,"column":53}}},"fnMap":{"0":{"name":"(anonymous_0)","decl":{"start":{"line":4,"column":2},"end":{"line":4,"column":3}},"loc":{"start":{"line":4,"column":30},"end":{"line":11,"column":3}},"line":4},"1":{"name":"(anonymous_1)","decl":{"start":{"line":13,"column":2},"end":{"line":13,"column":3}},"loc":{"start":{"line":13,"column":30},"end":{"line":20,"column":3}},"line":13},"2":{"name":"(anonymous_2)","decl":{"start":{"line":22,"column":2},"end":{"line":22,"column":3}},"loc":{"start":{"line":22,"column":29},"end":{"line":29,"column":3}},"line":22},"3":{"name":"(anonymous_3)","decl":{"start":{"line":31,"column":2},"end":{"line":31,"column":3}},"loc":{"start":{"line":31,"column":29},"end":{"line":42,"column":3}},"line":31},"4":{"name":"(anonymous_4)","decl":{"start":{"line":44,"column":2},"end":{"line":44,"column":3}},"loc":{"start":{"line":44,"column":29},"end":{"line":51,"column":3}},"line":44},"5":{"name":"(anonymous_5)","decl":{"start":{"line":53,"column":2},"end":{"line":53,"column":3}},"loc":{"start":{"line":53,"column":36},"end":{"line":60,"column":3}},"line":53},"6":{"name":"(anonymous_6)","decl":{"start":{"line":62,"column":2},"end":{"line":62,"column":3}},"loc":{"start":{"line":62,"column":35},"end":{"line":69,"column":3}},"line":62},"7":{"name":"(anonymous_7)","decl":{"start":{"line":71,"column":2},"end":{"line":71,"column":3}},"loc":{"start":{"line":71,"column":37},"end":{"line":78,"column":3}},"line":71},"8":{"name":"(anonymous_8)","decl":{"start":{"line":80,"column":2},"end":{"line":80,"column":3}},"loc":{"start":{"line":80,"column":35},"end":{"line":87,"column":3}},"line":80}},"branchMap":{},"s":{"0":0,"1":0,"2":0,"3":0,"4":0,"5":0,"6":0,"7":0,"8":0,"9":0,"10":0,"11":0,"12":0,"13":0,"14":0,"15":0,"16":0,"17":0,"18":0,"19":0,"20":0,"21":0,"22":0,"23":0,"24":0,"25":0,"26":0,"27":0,"28":0,"29":0,"30":0,"31":0,"32":0,"33":0,"34":0,"35":0},"f":{"0":0,"1":0,"2":0,"3":0,"4":0,"5":0,"6":0,"7":0,"8":0},"b":{},"_coverageSchema":"1a1c01bbd47fc00a2c39e90264f33305004495a9","hash":"bbaf0f8cfe8ceeeffac7bf694960399184d62e4f"}
,"D:\\Projekan\\Personal\\Kosabi\\src\\controllers\\userController.js": {"path":"D:\\Projekan\\Personal\\Kosabi\\src\\controllers\\userController.js","statementMap":{"0":{"start":{"line":5,"column":4},"end":{"line":10,"column":5}},"1":{"start":{"line":6,"column":21},"end":{"line":6,"column":65}},"2":{"start":{"line":7,"column":6},"end":{"line":7,"column":72}},"3":{"start":{"line":9,"column":6},"end":{"line":9,"column":51}},"4":{"start":{"line":14,"column":4},"end":{"line":21,"column":5}},"5":{"start":{"line":15,"column":23},"end":{"line":15,"column":31}},"6":{"start":{"line":16,"column":17},"end":{"line":16,"column":30}},"7":{"start":{"line":17,"column":21},"end":{"line":17,"column":63}},"8":{"start":{"line":18,"column":6},"end":{"line":18,"column":48}},"9":{"start":{"line":20,"column":6},"end":{"line":20,"column":51}},"10":{"start":{"line":25,"column":4},"end":{"line":33,"column":5}},"11":{"start":{"line":26,"column":27},"end":{"line":29,"column":7}},"12":{"start":{"line":30,"column":6},"end":{"line":30,"column":66}},"13":{"start":{"line":32,"column":6},"end":{"line":32,"column":69}}},"fnMap":{"0":{"name":"(anonymous_0)","decl":{"start":{"line":4,"column":2},"end":{"line":4,"column":3}},"loc":{"start":{"line":4,"column":30},"end":{"line":11,"column":3}},"line":4},"1":{"name":"(anonymous_1)","decl":{"start":{"line":13,"column":2},"end":{"line":13,"column":3}},"loc":{"start":{"line":13,"column":33},"end":{"line":22,"column":3}},"line":13},"2":{"name":"(anonymous_2)","decl":{"start":{"line":24,"column":2},"end":{"line":24,"column":3}},"loc":{"start":{"line":24,"column":36},"end":{"line":34,"column":3}},"line":24}},"branchMap":{},"s":{"0":0,"1":0,"2":0,"3":0,"4":0,"5":0,"6":0,"7":0,"8":0,"9":0,"10":0,"11":0,"12":0,"13":0},"f":{"0":0,"1":0,"2":0},"b":{},"_coverageSchema":"1a1c01bbd47fc00a2c39e90264f33305004495a9","hash":"9c6dfea1eb7e6466352442c095a8d781a9f2cfdc"}
,"D:\\Projekan\\Personal\\Kosabi\\src\\models\\BoardingHouse.js": {"path":"D:\\Projekan\\Personal\\Kosabi\\src\\models\\BoardingHouse.js","statementMap":{"0":{"start":{"line":3,"column":28},"end":{"line":87,"column":1}},"1":{"start":{"line":89,"column":22},"end":{"line":89,"column":74}}},"fnMap":{},"branchMap":{},"s":{"0":1,"1":1},"f":{},"b":{},"_coverageSchema":"1a1c01bbd47fc00a2c39e90264f33305004495a9","hash":"da2447b3d43dd97710284044e8db39c724874817"}
,"D:\\Projekan\\Personal\\Kosabi\\src\\models\\Rental.js": {"path":"D:\\Projekan\\Personal\\Kosabi\\src\\models\\Rental.js","statementMap":{"0":{"start":{"line":3,"column":21},"end":{"line":56,"column":21}},"1":{"start":{"line":58,"column":0},"end":{"line":58,"column":34}},"2":{"start":{"line":59,"column":0},"end":{"line":59,"column":32}},"3":{"start":{"line":60,"column":0},"end":{"line":60,"column":34}},"4":{"start":{"line":61,"column":0},"end":{"line":61,"column":37}},"5":{"start":{"line":63,"column":15},"end":{"line":63,"column":53}}},"fnMap":{},"branchMap":{},"s":{"0":1,"1":1,"2":1,"3":1,"4":1,"5":1},"f":{},"b":{},"_coverageSchema":"1a1c01bbd47fc00a2c39e90264f33305004495a9","hash":"cbc8fad63d3f1d36980e20aa4ade3ef96f08e761"}
,"D:\\Projekan\\Personal\\Kosabi\\src\\models\\Room.js": {"path":"D:\\Projekan\\Personal\\Kosabi\\src\\models\\Room.js","statementMap":{"0":{"start":{"line":4,"column":19},"end":{"line":85,"column":1}},"1":{"start":{"line":87,"column":13},"end":{"line":87,"column":47}}},"fnMap":{},"branchMap":{},"s":{"0":1,"1":1},"f":{},"b":{},"_coverageSchema":"1a1c01bbd47fc00a2c39e90264f33305004495a9","hash":"5261bf9d639eb2466155f3e5c51bf6201a38d981"}
,"D:\\Projekan\\Personal\\Kosabi\\src\\models\\User.js": {"path":"D:\\Projekan\\Personal\\Kosabi\\src\\models\\User.js","statementMap":{"0":{"start":{"line":3,"column":19},"end":{"line":50,"column":1}},"1":{"start":{"line":52,"column":13},"end":{"line":52,"column":47}}},"fnMap":{},"branchMap":{},"s":{"0":1,"1":1},"f":{},"b":{},"_coverageSchema":"1a1c01bbd47fc00a2c39e90264f33305004495a9","hash":"d62127cd0e6a69c4388a8a4ce460d7dfdddb779e"}
,"D:\\Projekan\\Personal\\Kosabi\\src\\repositories\\baseRepository.js": {"path":"D:\\Projekan\\Personal\\Kosabi\\src\\repositories\\baseRepository.js","statementMap":{"0":{"start":{"line":3,"column":4},"end":{"line":3,"column":23}},"1":{"start":{"line":7,"column":4},"end":{"line":7,"column":41}},"2":{"start":{"line":11,"column":4},"end":{"line":11,"column":41}},"3":{"start":{"line":15,"column":4},"end":{"line":15,"column":41}},"4":{"start":{"line":19,"column":4},"end":{"line":19,"column":71}},"5":{"start":{"line":23,"column":4},"end":{"line":23,"column":50}}},"fnMap":{"0":{"name":"(anonymous_0)","decl":{"start":{"line":2,"column":2},"end":{"line":2,"column":3}},"loc":{"start":{"line":2,"column":21},"end":{"line":4,"column":3}},"line":2},"1":{"name":"(anonymous_1)","decl":{"start":{"line":6,"column":2},"end":{"line":6,"column":3}},"loc":{"start":{"line":6,"column":21},"end":{"line":8,"column":3}},"line":6},"2":{"name":"(anonymous_2)","decl":{"start":{"line":10,"column":2},"end":{"line":10,"column":3}},"loc":{"start":{"line":10,"column":21},"end":{"line":12,"column":3}},"line":10},"3":{"name":"(anonymous_3)","decl":{"start":{"line":14,"column":2},"end":{"line":14,"column":3}},"loc":{"start":{"line":14,"column":29},"end":{"line":16,"column":3}},"line":14},"4":{"name":"(anonymous_4)","decl":{"start":{"line":18,"column":2},"end":{"line":18,"column":3}},"loc":{"start":{"line":18,"column":25},"end":{"line":20,"column":3}},"line":18},"5":{"name":"(anonymous_5)","decl":{"start":{"line":22,"column":2},"end":{"line":22,"column":3}},"loc":{"start":{"line":22,"column":19},"end":{"line":24,"column":3}},"line":22}},"branchMap":{"0":{"loc":{"start":{"line":14,"column":16},"end":{"line":14,"column":27}},"type":"default-arg","locations":[{"start":{"line":14,"column":25},"end":{"line":14,"column":27}}],"line":14}},"s":{"0":8,"1":2,"2":0,"3":0,"4":0,"5":0},"f":{"0":8,"1":2,"2":0,"3":0,"4":0,"5":0},"b":{"0":[0]},"_coverageSchema":"1a1c01bbd47fc00a2c39e90264f33305004495a9","hash":"02a9689944a81900cb44ef9a53b1ce561e06ffbf"}
,"D:\\Projekan\\Personal\\Kosabi\\src\\repositories\\boardingHouseRepository.js": {"path":"D:\\Projekan\\Personal\\Kosabi\\src\\repositories\\boardingHouseRepository.js","statementMap":{"0":{"start":{"line":6,"column":4},"end":{"line":6,"column":25}},"1":{"start":{"line":10,"column":4},"end":{"line":10,"column":44}},"2":{"start":{"line":14,"column":4},"end":{"line":14,"column":44}}},"fnMap":{"0":{"name":"(anonymous_0)","decl":{"start":{"line":5,"column":2},"end":{"line":5,"column":3}},"loc":{"start":{"line":5,"column":16},"end":{"line":7,"column":3}},"line":5},"1":{"name":"(anonymous_1)","decl":{"start":{"line":9,"column":2},"end":{"line":9,"column":3}},"loc":{"start":{"line":9,"column":27},"end":{"line":11,"column":3}},"line":9},"2":{"name":"(anonymous_2)","decl":{"start":{"line":13,"column":2},"end":{"line":13,"column":3}},"loc":{"start":{"line":13,"column":27},"end":{"line":15,"column":3}},"line":13}},"branchMap":{},"s":{"0":2,"1":0,"2":0},"f":{"0":2,"1":0,"2":0},"b":{},"_coverageSchema":"1a1c01bbd47fc00a2c39e90264f33305004495a9","hash":"150d2c992e91e565bd9c15343bc13f678ef7b6bf"}
,"D:\\Projekan\\Personal\\Kosabi\\src\\repositories\\rentalRepository.js": {"path":"D:\\Projekan\\Personal\\Kosabi\\src\\repositories\\rentalRepository.js","statementMap":{"0":{"start":{"line":6,"column":4},"end":{"line":6,"column":18}},"1":{"start":{"line":10,"column":4},"end":{"line":10,"column":42}}},"fnMap":{"0":{"name":"(anonymous_0)","decl":{"start":{"line":5,"column":2},"end":{"line":5,"column":3}},"loc":{"start":{"line":5,"column":16},"end":{"line":7,"column":3}},"line":5},"1":{"name":"(anonymous_1)","decl":{"start":{"line":9,"column":2},"end":{"line":9,"column":3}},"loc":{"start":{"line":9,"column":25},"end":{"line":11,"column":3}},"line":9}},"branchMap":{},"s":{"0":1,"1":0},"f":{"0":1,"1":0},"b":{},"_coverageSchema":"1a1c01bbd47fc00a2c39e90264f33305004495a9","hash":"35a80923859fa951ff25632faa6c11a37bb6f8da"}
,"D:\\Projekan\\Personal\\Kosabi\\src\\repositories\\roomRepository.js": {"path":"D:\\Projekan\\Personal\\Kosabi\\src\\repositories\\roomRepository.js","statementMap":{"0":{"start":{"line":6,"column":4},"end":{"line":6,"column":16}},"1":{"start":{"line":10,"column":4},"end":{"line":13,"column":36}},"2":{"start":{"line":17,"column":4},"end":{"line":20,"column":36}},"3":{"start":{"line":24,"column":4},"end":{"line":27,"column":36}},"4":{"start":{"line":31,"column":4},"end":{"line":34,"column":36}},"5":{"start":{"line":38,"column":4},"end":{"line":41,"column":36}},"6":{"start":{"line":45,"column":4},"end":{"line":48,"column":36}},"7":{"start":{"line":52,"column":4},"end":{"line":55,"column":36}}},"fnMap":{"0":{"name":"(anonymous_0)","decl":{"start":{"line":5,"column":2},"end":{"line":5,"column":3}},"loc":{"start":{"line":5,"column":16},"end":{"line":7,"column":3}},"line":5},"1":{"name":"(anonymous_1)","decl":{"start":{"line":9,"column":2},"end":{"line":9,"column":3}},"loc":{"start":{"line":9,"column":29},"end":{"line":14,"column":3}},"line":9},"2":{"name":"(anonymous_2)","decl":{"start":{"line":16,"column":2},"end":{"line":16,"column":3}},"loc":{"start":{"line":16,"column":21},"end":{"line":21,"column":3}},"line":16},"3":{"name":"(anonymous_3)","decl":{"start":{"line":23,"column":2},"end":{"line":23,"column":3}},"loc":{"start":{"line":23,"column":29},"end":{"line":28,"column":3}},"line":23},"4":{"name":"(anonymous_4)","decl":{"start":{"line":30,"column":2},"end":{"line":30,"column":3}},"loc":{"start":{"line":30,"column":24},"end":{"line":35,"column":3}},"line":30},"5":{"name":"(anonymous_5)","decl":{"start":{"line":37,"column":2},"end":{"line":37,"column":3}},"loc":{"start":{"line":37,"column":23},"end":{"line":42,"column":3}},"line":37},"6":{"name":"(anonymous_6)","decl":{"start":{"line":44,"column":2},"end":{"line":44,"column":3}},"loc":{"start":{"line":44,"column":31},"end":{"line":49,"column":3}},"line":44},"7":{"name":"(anonymous_7)","decl":{"start":{"line":51,"column":2},"end":{"line":51,"column":3}},"loc":{"start":{"line":51,"column":23},"end":{"line":56,"column":3}},"line":51}},"branchMap":{"0":{"loc":{"start":{"line":9,"column":16},"end":{"line":9,"column":27}},"type":"default-arg","locations":[{"start":{"line":9,"column":25},"end":{"line":9,"column":27}}],"line":9}},"s":{"0":2,"1":0,"2":0,"3":0,"4":0,"5":0,"6":0,"7":0},"f":{"0":2,"1":0,"2":0,"3":0,"4":0,"5":0,"6":0,"7":0},"b":{"0":[0]},"_coverageSchema":"1a1c01bbd47fc00a2c39e90264f33305004495a9","hash":"544ef0c43ce07edb8d56e0fa601b99af3a6fc11e"}
,"D:\\Projekan\\Personal\\Kosabi\\src\\repositories\\userRepository.js": {"path":"D:\\Projekan\\Personal\\Kosabi\\src\\repositories\\userRepository.js","statementMap":{"0":{"start":{"line":6,"column":4},"end":{"line":6,"column":16}},"1":{"start":{"line":10,"column":4},"end":{"line":10,"column":34}},"2":{"start":{"line":14,"column":4},"end":{"line":14,"column":35}},"3":{"start":{"line":18,"column":4},"end":{"line":18,"column":35}},"4":{"start":{"line":22,"column":4},"end":{"line":22,"column":69}},"5":{"start":{"line":26,"column":4},"end":{"line":26,"column":70}}},"fnMap":{"0":{"name":"(anonymous_0)","decl":{"start":{"line":5,"column":2},"end":{"line":5,"column":3}},"loc":{"start":{"line":5,"column":16},"end":{"line":7,"column":3}},"line":5},"1":{"name":"(anonymous_1)","decl":{"start":{"line":9,"column":2},"end":{"line":9,"column":3}},"loc":{"start":{"line":9,"column":25},"end":{"line":11,"column":3}},"line":9},"2":{"name":"(anonymous_2)","decl":{"start":{"line":13,"column":2},"end":{"line":13,"column":3}},"loc":{"start":{"line":13,"column":27},"end":{"line":15,"column":3}},"line":13},"3":{"name":"(anonymous_3)","decl":{"start":{"line":17,"column":2},"end":{"line":17,"column":3}},"loc":{"start":{"line":17,"column":27},"end":{"line":19,"column":3}},"line":17},"4":{"name":"(anonymous_4)","decl":{"start":{"line":21,"column":2},"end":{"line":21,"column":3}},"loc":{"start":{"line":21,"column":21},"end":{"line":23,"column":3}},"line":21},"5":{"name":"(anonymous_5)","decl":{"start":{"line":25,"column":2},"end":{"line":25,"column":3}},"loc":{"start":{"line":25,"column":23},"end":{"line":27,"column":3}},"line":25}},"branchMap":{},"s":{"0":3,"1":0,"2":3,"3":2,"4":0,"5":0},"f":{"0":3,"1":0,"2":3,"3":2,"4":0,"5":0},"b":{},"_coverageSchema":"1a1c01bbd47fc00a2c39e90264f33305004495a9","hash":"97763c6c2cf5a3faabcb712898fe37abd5ff5025"}
,"D:\\Projekan\\Personal\\Kosabi\\src\\routes\\authRoutes.js": {"path":"D:\\Projekan\\Personal\\Kosabi\\src\\routes\\authRoutes.js","statementMap":{"0":{"start":{"line":4,"column":23},"end":{"line":4,"column":43}},"1":{"start":{"line":5,"column":19},"end":{"line":5,"column":35}},"2":{"start":{"line":6,"column":16},"end":{"line":6,"column":23}},"3":{"start":{"line":8,"column":0},"end":{"line":8,"column":75}},"4":{"start":{"line":9,"column":0},"end":{"line":9,"column":77}},"5":{"start":{"line":10,"column":0},"end":{"line":10,"column":58}},"6":{"start":{"line":11,"column":0},"end":{"line":14,"column":2}}},"fnMap":{},"branchMap":{},"s":{"0":1,"1":1,"2":1,"3":1,"4":1,"5":1,"6":1},"f":{},"b":{},"_coverageSchema":"1a1c01bbd47fc00a2c39e90264f33305004495a9","hash":"ff4be753f162008392da17b17f796644a1a2329f"}
,"D:\\Projekan\\Personal\\Kosabi\\src\\routes\\boardingHouseRoutes.js": {"path":"D:\\Projekan\\Personal\\Kosabi\\src\\routes\\boardingHouseRoutes.js","statementMap":{"0":{"start":{"line":6,"column":16},"end":{"line":18,"column":2}},"1":{"start":{"line":8,"column":4},"end":{"line":8,"column":25}},"2":{"start":{"line":13,"column":6},"end":{"line":14,"column":37}},"3":{"start":{"line":16,"column":4},"end":{"line":16,"column":25}},"4":{"start":{"line":20,"column":15},"end":{"line":22,"column":2}},"5":{"start":{"line":24,"column":32},"end":{"line":24,"column":61}},"6":{"start":{"line":25,"column":28},"end":{"line":25,"column":44}},"7":{"start":{"line":26,"column":16},"end":{"line":26,"column":32}},"8":{"start":{"line":28,"column":0},"end":{"line":28,"column":71}},"9":{"start":{"line":29,"column":0},"end":{"line":33,"column":2}},"10":{"start":{"line":34,"column":0},"end":{"line":34,"column":75}},"11":{"start":{"line":35,"column":0},"end":{"line":39,"column":2}},"12":{"start":{"line":40,"column":0},"end":{"line":40,"column":77}}},"fnMap":{"0":{"name":"(anonymous_0)","decl":{"start":{"line":7,"column":15},"end":{"line":7,"column":16}},"loc":{"start":{"line":7,"column":34},"end":{"line":9,"column":3}},"line":7},"1":{"name":"(anonymous_1)","decl":{"start":{"line":11,"column":12},"end":{"line":11,"column":13}},"loc":{"start":{"line":11,"column":31},"end":{"line":17,"column":3}},"line":11}},"branchMap":{},"s":{"0":1,"1":0,"2":0,"3":0,"4":1,"5":1,"6":1,"7":1,"8":1,"9":1,"10":1,"11":1,"12":1},"f":{"0":0,"1":0},"b":{},"_coverageSchema":"1a1c01bbd47fc00a2c39e90264f33305004495a9","hash":"7e7d38daeb9fbe4fdcc040157005f26bad0ff39f"}
,"D:\\Projekan\\Personal\\Kosabi\\src\\routes\\roomRoutes.js": {"path":"D:\\Projekan\\Personal\\Kosabi\\src\\routes\\roomRoutes.js","statementMap":{"0":{"start":{"line":6,"column":16},"end":{"line":18,"column":2}},"1":{"start":{"line":8,"column":4},"end":{"line":8,"column":31}},"2":{"start":{"line":13,"column":6},"end":{"line":14,"column":37}},"3":{"start":{"line":16,"column":4},"end":{"line":16,"column":25}},"4":{"start":{"line":20,"column":15},"end":{"line":22,"column":2}},"5":{"start":{"line":24,"column":23},"end":{"line":24,"column":43}},"6":{"start":{"line":25,"column":19},"end":{"line":25,"column":35}},"7":{"start":{"line":26,"column":16},"end":{"line":26,"column":24}},"8":{"start":{"line":28,"column":0},"end":{"line":28,"column":58}},"9":{"start":{"line":29,"column":0},"end":{"line":33,"column":2}},"10":{"start":{"line":34,"column":0},"end":{"line":34,"column":61}},"11":{"start":{"line":35,"column":0},"end":{"line":39,"column":2}},"12":{"start":{"line":40,"column":0},"end":{"line":40,"column":63}},"13":{"start":{"line":41,"column":0},"end":{"line":41,"column":77}},"14":{"start":{"line":42,"column":0},"end":{"line":42,"column":75}},"15":{"start":{"line":43,"column":0},"end":{"line":43,"column":79}},"16":{"start":{"line":44,"column":0},"end":{"line":44,"column":75}}},"fnMap":{"0":{"name":"(anonymous_0)","decl":{"start":{"line":7,"column":15},"end":{"line":7,"column":16}},"loc":{"start":{"line":7,"column":34},"end":{"line":9,"column":3}},"line":7},"1":{"name":"(anonymous_1)","decl":{"start":{"line":11,"column":12},"end":{"line":11,"column":13}},"loc":{"start":{"line":11,"column":31},"end":{"line":17,"column":3}},"line":11}},"branchMap":{},"s":{"0":1,"1":0,"2":0,"3":0,"4":1,"5":1,"6":1,"7":1,"8":1,"9":1,"10":1,"11":1,"12":1,"13":1,"14":1,"15":1,"16":1},"f":{"0":0,"1":0},"b":{},"_coverageSchema":"1a1c01bbd47fc00a2c39e90264f33305004495a9","hash":"d1f20ae3ee83fdc9454bcf332fd4324fc4490f49"}
,"D:\\Projekan\\Personal\\Kosabi\\src\\routes\\userRoutes.js": {"path":"D:\\Projekan\\Personal\\Kosabi\\src\\routes\\userRoutes.js","statementMap":{"0":{"start":{"line":4,"column":23},"end":{"line":4,"column":43}},"1":{"start":{"line":5,"column":19},"end":{"line":5,"column":35}},"2":{"start":{"line":6,"column":16},"end":{"line":6,"column":23}},"3":{"start":{"line":8,"column":0},"end":{"line":8,"column":61}},"4":{"start":{"line":9,"column":0},"end":{"line":9,"column":77}},"5":{"start":{"line":10,"column":0},"end":{"line":10,"column":67}}},"fnMap":{},"branchMap":{},"s":{"0":1,"1":1,"2":1,"3":1,"4":1,"5":1},"f":{},"b":{},"_coverageSchema":"1a1c01bbd47fc00a2c39e90264f33305004495a9","hash":"ed9ec82026853e90e5c4dcecb61fdc43d5298087"}
,"D:\\Projekan\\Personal\\Kosabi\\src\\services\\authService.js": {"path":"D:\\Projekan\\Personal\\Kosabi\\src\\services\\authService.js","statementMap":{"0":{"start":{"line":8,"column":4},"end":{"line":8,"column":43}},"1":{"start":{"line":12,"column":62},"end":{"line":12,"column":66}},"2":{"start":{"line":13,"column":4},"end":{"line":15,"column":5}},"3":{"start":{"line":14,"column":6},"end":{"line":14,"column":48}},"4":{"start":{"line":16,"column":4},"end":{"line":18,"column":5}},"5":{"start":{"line":17,"column":6},"end":{"line":17,"column":49}},"6":{"start":{"line":19,"column":4},"end":{"line":21,"column":5}},"7":{"start":{"line":20,"column":6},"end":{"line":20,"column":56}},"8":{"start":{"line":22,"column":4},"end":{"line":24,"column":5}},"9":{"start":{"line":23,"column":6},"end":{"line":23,"column":52}},"10":{"start":{"line":25,"column":4},"end":{"line":27,"column":5}},"11":{"start":{"line":26,"column":6},"end":{"line":26,"column":47}},"12":{"start":{"line":29,"column":24},"end":{"line":29,"column":64}},"13":{"start":{"line":30,"column":4},"end":{"line":32,"column":5}},"14":{"start":{"line":31,"column":6},"end":{"line":31,"column":53}},"15":{"start":{"line":34,"column":30},"end":{"line":34,"column":70}},"16":{"start":{"line":35,"column":4},"end":{"line":37,"column":5}},"17":{"start":{"line":36,"column":6},"end":{"line":36,"column":51}},"18":{"start":{"line":39,"column":27},"end":{"line":39,"column":63}},"19":{"start":{"line":40,"column":17},"end":{"line":47,"column":6}},"20":{"start":{"line":49,"column":18},"end":{"line":57,"column":5}},"21":{"start":{"line":58,"column":4},"end":{"line":67,"column":6}},"22":{"start":{"line":71,"column":62},"end":{"line":71,"column":66}},"23":{"start":{"line":72,"column":4},"end":{"line":74,"column":5}},"24":{"start":{"line":73,"column":6},"end":{"line":73,"column":49}},"25":{"start":{"line":75,"column":4},"end":{"line":77,"column":5}},"26":{"start":{"line":76,"column":6},"end":{"line":76,"column":50}},"27":{"start":{"line":78,"column":4},"end":{"line":80,"column":5}},"28":{"start":{"line":79,"column":6},"end":{"line":79,"column":57}},"29":{"start":{"line":81,"column":4},"end":{"line":83,"column":5}},"30":{"start":{"line":82,"column":6},"end":{"line":82,"column":53}},"31":{"start":{"line":84,"column":4},"end":{"line":86,"column":5}},"32":{"start":{"line":85,"column":6},"end":{"line":85,"column":47}},"33":{"start":{"line":88,"column":24},"end":{"line":88,"column":64}},"34":{"start":{"line":90,"column":4},"end":{"line":92,"column":5}},"35":{"start":{"line":91,"column":6},"end":{"line":91,"column":53}},"36":{"start":{"line":94,"column":30},"end":{"line":94,"column":70}},"37":{"start":{"line":95,"column":4},"end":{"line":97,"column":5}},"38":{"start":{"line":96,"column":6},"end":{"line":96,"column":51}},"39":{"start":{"line":99,"column":27},"end":{"line":99,"column":63}},"40":{"start":{"line":100,"column":17},"end":{"line":107,"column":6}},"41":{"start":{"line":108,"column":18},"end":{"line":116,"column":5}},"42":{"start":{"line":117,"column":4},"end":{"line":126,"column":6}},"43":{"start":{"line":130,"column":32},"end":{"line":130,"column":36}},"44":{"start":{"line":131,"column":4},"end":{"line":133,"column":5}},"45":{"start":{"line":132,"column":6},"end":{"line":132,"column":57}},"46":{"start":{"line":134,"column":17},"end":{"line":134,"column":57}},"47":{"start":{"line":135,"column":4},"end":{"line":137,"column":5}},"48":{"start":{"line":136,"column":6},"end":{"line":136,"column":51}},"49":{"start":{"line":138,"column":4},"end":{"line":140,"column":5}},"50":{"start":{"line":139,"column":6},"end":{"line":139,"column":50}},"51":{"start":{"line":142,"column":28},"end":{"line":142,"column":73}},"52":{"start":{"line":143,"column":4},"end":{"line":145,"column":5}},"53":{"start":{"line":144,"column":6},"end":{"line":144,"column":42}},"54":{"start":{"line":147,"column":4},"end":{"line":147,"column":70}},"55":{"start":{"line":149,"column":18},"end":{"line":153,"column":5}},"56":{"start":{"line":155,"column":4},"end":{"line":164,"column":6}},"57":{"start":{"line":168,"column":62},"end":{"line":168,"column":66}},"58":{"start":{"line":169,"column":4},"end":{"line":171,"column":5}},"59":{"start":{"line":170,"column":6},"end":{"line":170,"column":54}},"60":{"start":{"line":173,"column":4},"end":{"line":175,"column":5}},"61":{"start":{"line":174,"column":6},"end":{"line":174,"column":50}},"62":{"start":{"line":177,"column":4},"end":{"line":179,"column":5}},"63":{"start":{"line":178,"column":6},"end":{"line":178,"column":47}},"64":{"start":{"line":181,"column":17},"end":{"line":181,"column":55}},"65":{"start":{"line":183,"column":4},"end":{"line":185,"column":5}},"66":{"start":{"line":184,"column":6},"end":{"line":184,"column":40}},"67":{"start":{"line":187,"column":35},"end":{"line":190,"column":5}},"68":{"start":{"line":192,"column":4},"end":{"line":194,"column":5}},"69":{"start":{"line":193,"column":6},"end":{"line":193,"column":55}},"70":{"start":{"line":196,"column":27},"end":{"line":196,"column":75}},"71":{"start":{"line":198,"column":4},"end":{"line":200,"column":5}},"72":{"start":{"line":199,"column":6},"end":{"line":199,"column":77}},"73":{"start":{"line":202,"column":27},"end":{"line":202,"column":61}},"74":{"start":{"line":204,"column":4},"end":{"line":204,"column":71}},"75":{"start":{"line":206,"column":4},"end":{"line":206,"column":65}}},"fnMap":{"0":{"name":"(anonymous_0)","decl":{"start":{"line":7,"column":2},"end":{"line":7,"column":3}},"loc":{"start":{"line":7,"column":16},"end":{"line":9,"column":3}},"line":7},"1":{"name":"(anonymous_1)","decl":{"start":{"line":11,"column":2},"end":{"line":11,"column":3}},"loc":{"start":{"line":11,"column":28},"end":{"line":68,"column":3}},"line":11},"2":{"name":"(anonymous_2)","decl":{"start":{"line":70,"column":2},"end":{"line":70,"column":3}},"loc":{"start":{"line":70,"column":29},"end":{"line":127,"column":3}},"line":70},"3":{"name":"(anonymous_3)","decl":{"start":{"line":129,"column":2},"end":{"line":129,"column":3}},"loc":{"start":{"line":129,"column":20},"end":{"line":165,"column":3}},"line":129},"4":{"name":"(anonymous_4)","decl":{"start":{"line":167,"column":2},"end":{"line":167,"column":3}},"loc":{"start":{"line":167,"column":37},"end":{"line":207,"column":3}},"line":167}},"branchMap":{"0":{"loc":{"start":{"line":13,"column":4},"end":{"line":15,"column":5}},"type":"if","locations":[{"start":{"line":13,"column":4},"end":{"line":15,"column":5}},{"start":{},"end":{}}],"line":13},"1":{"loc":{"start":{"line":16,"column":4},"end":{"line":18,"column":5}},"type":"if","locations":[{"start":{"line":16,"column":4},"end":{"line":18,"column":5}},{"start":{},"end":{}}],"line":16},"2":{"loc":{"start":{"line":19,"column":4},"end":{"line":21,"column":5}},"type":"if","locations":[{"start":{"line":19,"column":4},"end":{"line":21,"column":5}},{"start":{},"end":{}}],"line":19},"3":{"loc":{"start":{"line":22,"column":4},"end":{"line":24,"column":5}},"type":"if","locations":[{"start":{"line":22,"column":4},"end":{"line":24,"column":5}},{"start":{},"end":{}}],"line":22},"4":{"loc":{"start":{"line":25,"column":4},"end":{"line":27,"column":5}},"type":"if","locations":[{"start":{"line":25,"column":4},"end":{"line":27,"column":5}},{"start":{},"end":{}}],"line":25},"5":{"loc":{"start":{"line":30,"column":4},"end":{"line":32,"column":5}},"type":"if","locations":[{"start":{"line":30,"column":4},"end":{"line":32,"column":5}},{"start":{},"end":{}}],"line":30},"6":{"loc":{"start":{"line":35,"column":4},"end":{"line":37,"column":5}},"type":"if","locations":[{"start":{"line":35,"column":4},"end":{"line":37,"column":5}},{"start":{},"end":{}}],"line":35},"7":{"loc":{"start":{"line":72,"column":4},"end":{"line":74,"column":5}},"type":"if","locations":[{"start":{"line":72,"column":4},"end":{"line":74,"column":5}},{"start":{},"end":{}}],"line":72},"8":{"loc":{"start":{"line":75,"column":4},"end":{"line":77,"column":5}},"type":"if","locations":[{"start":{"line":75,"column":4},"end":{"line":77,"column":5}},{"start":{},"end":{}}],"line":75},"9":{"loc":{"start":{"line":78,"column":4},"end":{"line":80,"column":5}},"type":"if","locations":[{"start":{"line":78,"column":4},"end":{"line":80,"column":5}},{"start":{},"end":{}}],"line":78},"10":{"loc":{"start":{"line":81,"column":4},"end":{"line":83,"column":5}},"type":"if","locations":[{"start":{"line":81,"column":4},"end":{"line":83,"column":5}},{"start":{},"end":{}}],"line":81},"11":{"loc":{"start":{"line":84,"column":4},"end":{"line":86,"column":5}},"type":"if","locations":[{"start":{"line":84,"column":4},"end":{"line":86,"column":5}},{"start":{},"end":{}}],"line":84},"12":{"loc":{"start":{"line":90,"column":4},"end":{"line":92,"column":5}},"type":"if","locations":[{"start":{"line":90,"column":4},"end":{"line":92,"column":5}},{"start":{},"end":{}}],"line":90},"13":{"loc":{"start":{"line":95,"column":4},"end":{"line":97,"column":5}},"type":"if","locations":[{"start":{"line":95,"column":4},"end":{"line":97,"column":5}},{"start":{},"end":{}}],"line":95},"14":{"loc":{"start":{"line":131,"column":4},"end":{"line":133,"column":5}},"type":"if","locations":[{"start":{"line":131,"column":4},"end":{"line":133,"column":5}},{"start":{},"end":{}}],"line":131},"15":{"loc":{"start":{"line":131,"column":8},"end":{"line":131,"column":27}},"type":"binary-expr","locations":[{"start":{"line":131,"column":8},"end":{"line":131,"column":14}},{"start":{"line":131,"column":18},"end":{"line":131,"column":27}}],"line":131},"16":{"loc":{"start":{"line":135,"column":4},"end":{"line":137,"column":5}},"type":"if","locations":[{"start":{"line":135,"column":4},"end":{"line":137,"column":5}},{"start":{},"end":{}}],"line":135},"17":{"loc":{"start":{"line":138,"column":4},"end":{"line":140,"column":5}},"type":"if","locations":[{"start":{"line":138,"column":4},"end":{"line":140,"column":5}},{"start":{},"end":{}}],"line":138},"18":{"loc":{"start":{"line":143,"column":4},"end":{"line":145,"column":5}},"type":"if","locations":[{"start":{"line":143,"column":4},"end":{"line":145,"column":5}},{"start":{},"end":{}}],"line":143},"19":{"loc":{"start":{"line":169,"column":4},"end":{"line":171,"column":5}},"type":"if","locations":[{"start":{"line":169,"column":4},"end":{"line":171,"column":5}},{"start":{},"end":{}}],"line":169},"20":{"loc":{"start":{"line":173,"column":4},"end":{"line":175,"column":5}},"type":"if","locations":[{"start":{"line":173,"column":4},"end":{"line":175,"column":5}},{"start":{},"end":{}}],"line":173},"21":{"loc":{"start":{"line":177,"column":4},"end":{"line":179,"column":5}},"type":"if","locations":[{"start":{"line":177,"column":4},"end":{"line":179,"column":5}},{"start":{},"end":{}}],"line":177},"22":{"loc":{"start":{"line":183,"column":4},"end":{"line":185,"column":5}},"type":"if","locations":[{"start":{"line":183,"column":4},"end":{"line":185,"column":5}},{"start":{},"end":{}}],"line":183},"23":{"loc":{"start":{"line":192,"column":4},"end":{"line":194,"column":5}},"type":"if","locations":[{"start":{"line":192,"column":4},"end":{"line":194,"column":5}},{"start":{},"end":{}}],"line":192},"24":{"loc":{"start":{"line":198,"column":4},"end":{"line":200,"column":5}},"type":"if","locations":[{"start":{"line":198,"column":4},"end":{"line":200,"column":5}},{"start":{},"end":{}}],"line":198}},"s":{"0":1,"1":8,"2":8,"3":1,"4":7,"5":1,"6":6,"7":1,"8":5,"9":1,"10":4,"11":1,"12":3,"13":3,"14":1,"15":2,"16":2,"17":0,"18":2,"19":2,"20":2,"21":2,"22":0,"23":0,"24":0,"25":0,"26":0,"27":0,"28":0,"29":0,"30":0,"31":0,"32":0,"33":0,"34":0,"35":0,"36":0,"37":0,"38":0,"39":0,"40":0,"41":0,"42":0,"43":0,"44":0,"45":0,"46":0,"47":0,"48":0,"49":0,"50":0,"51":0,"52":0,"53":0,"54":0,"55":0,"56":0,"57":0,"58":0,"59":0,"60":0,"61":0,"62":0,"63":0,"64":0,"65":0,"66":0,"67":0,"68":0,"69":0,"70":0,"71":0,"72":0,"73":0,"74":0,"75":0},"f":{"0":1,"1":8,"2":0,"3":0,"4":0},"b":{"0":[1,7],"1":[1,6],"2":[1,5],"3":[1,4],"4":[1,3],"5":[1,2],"6":[0,2],"7":[0,0],"8":[0,0],"9":[0,0],"10":[0,0],"11":[0,0],"12":[0,0],"13":[0,0],"14":[0,0],"15":[0,0],"16":[0,0],"17":[0,0],"18":[0,0],"19":[0,0],"20":[0,0],"21":[0,0],"22":[0,0],"23":[0,0],"24":[0,0]},"_coverageSchema":"1a1c01bbd47fc00a2c39e90264f33305004495a9","hash":"bf1038e61b165f1dc01c732111ba52eb8e1905f5"}
,"D:\\Projekan\\Personal\\Kosabi\\src\\services\\boardingHouseService.js": {"path":"D:\\Projekan\\Personal\\Kosabi\\src\\services\\boardingHouseService.js","statementMap":{"0":{"start":{"line":5,"column":4},"end":{"line":5,"column":52}},"1":{"start":{"line":9,"column":27},"end":{"line":9,"column":58}},"2":{"start":{"line":10,"column":4},"end":{"line":14,"column":5}},"3":{"start":{"line":11,"column":6},"end":{"line":13,"column":8}},"4":{"start":{"line":15,"column":4},"end":{"line":17,"column":6}},"5":{"start":{"line":21,"column":26},"end":{"line":21,"column":60}},"6":{"start":{"line":22,"column":4},"end":{"line":24,"column":5}},"7":{"start":{"line":23,"column":6},"end":{"line":23,"column":50}},"8":{"start":{"line":25,"column":4},"end":{"line":27,"column":6}},"9":{"start":{"line":31,"column":4},"end":{"line":33,"column":5}},"10":{"start":{"line":32,"column":6},"end":{"line":32,"column":75}},"11":{"start":{"line":47,"column":8},"end":{"line":47,"column":12}},"12":{"start":{"line":49,"column":24},"end":{"line":49,"column":64}},"13":{"start":{"line":50,"column":4},"end":{"line":52,"column":5}},"14":{"start":{"line":51,"column":6},"end":{"line":51,"column":45}},"15":{"start":{"line":54,"column":24},"end":{"line":54,"column":64}},"16":{"start":{"line":55,"column":4},"end":{"line":57,"column":5}},"17":{"start":{"line":56,"column":6},"end":{"line":56,"column":52}},"18":{"start":{"line":59,"column":24},"end":{"line":59,"column":54}},"19":{"start":{"line":60,"column":29},"end":{"line":60,"column":69}},"20":{"start":{"line":61,"column":27},"end":{"line":61,"column":65}},"21":{"start":{"line":63,"column":23},"end":{"line":63,"column":68}},"22":{"start":{"line":63,"column":53},"end":{"line":63,"column":62}},"23":{"start":{"line":65,"column":4},"end":{"line":79,"column":7}},"24":{"start":{"line":83,"column":4},"end":{"line":85,"column":5}},"25":{"start":{"line":84,"column":6},"end":{"line":84,"column":65}},"26":{"start":{"line":100,"column":8},"end":{"line":100,"column":12}},"27":{"start":{"line":102,"column":26},"end":{"line":102,"column":60}},"28":{"start":{"line":103,"column":4},"end":{"line":105,"column":5}},"29":{"start":{"line":104,"column":6},"end":{"line":104,"column":50}},"30":{"start":{"line":107,"column":23},"end":{"line":107,"column":68}},"31":{"start":{"line":107,"column":53},"end":{"line":107,"column":62}},"32":{"start":{"line":109,"column":24},"end":{"line":109,"column":54}},"33":{"start":{"line":110,"column":29},"end":{"line":110,"column":69}},"34":{"start":{"line":111,"column":27},"end":{"line":111,"column":65}},"35":{"start":{"line":113,"column":4},"end":{"line":127,"column":7}},"36":{"start":{"line":131,"column":4},"end":{"line":133,"column":5}},"37":{"start":{"line":132,"column":6},"end":{"line":132,"column":65}},"38":{"start":{"line":135,"column":26},"end":{"line":135,"column":60}},"39":{"start":{"line":136,"column":4},"end":{"line":138,"column":5}},"40":{"start":{"line":137,"column":6},"end":{"line":137,"column":50}},"41":{"start":{"line":139,"column":4},"end":{"line":139,"column":37}},"42":{"start":{"line":140,"column":4},"end":{"line":142,"column":6}}},"fnMap":{"0":{"name":"(anonymous_0)","decl":{"start":{"line":4,"column":2},"end":{"line":4,"column":3}},"loc":{"start":{"line":4,"column":16},"end":{"line":6,"column":3}},"line":4},"1":{"name":"(anonymous_1)","decl":{"start":{"line":8,"column":2},"end":{"line":8,"column":3}},"loc":{"start":{"line":8,"column":30},"end":{"line":18,"column":3}},"line":8},"2":{"name":"(anonymous_2)","decl":{"start":{"line":20,"column":2},"end":{"line":20,"column":3}},"loc":{"start":{"line":20,"column":33},"end":{"line":28,"column":3}},"line":20},"3":{"name":"(anonymous_3)","decl":{"start":{"line":30,"column":2},"end":{"line":30,"column":3}},"loc":{"start":{"line":30,"column":42},"end":{"line":80,"column":3}},"line":30},"4":{"name":"(anonymous_4)","decl":{"start":{"line":63,"column":43},"end":{"line":63,"column":44}},"loc":{"start":{"line":63,"column":53},"end":{"line":63,"column":62}},"line":63},"5":{"name":"(anonymous_5)","decl":{"start":{"line":82,"column":2},"end":{"line":82,"column":3}},"loc":{"start":{"line":82,"column":46},"end":{"line":128,"column":3}},"line":82},"6":{"name":"(anonymous_6)","decl":{"start":{"line":107,"column":43},"end":{"line":107,"column":44}},"loc":{"start":{"line":107,"column":53},"end":{"line":107,"column":62}},"line":107},"7":{"name":"(anonymous_7)","decl":{"start":{"line":130,"column":2},"end":{"line":130,"column":3}},"loc":{"start":{"line":130,"column":32},"end":{"line":143,"column":3}},"line":130}},"branchMap":{"0":{"loc":{"start":{"line":10,"column":4},"end":{"line":14,"column":5}},"type":"if","locations":[{"start":{"line":10,"column":4},"end":{"line":14,"column":5}},{"start":{},"end":{}}],"line":10},"1":{"loc":{"start":{"line":10,"column":8},"end":{"line":10,"column":53}},"type":"binary-expr","locations":[{"start":{"line":10,"column":8},"end":{"line":10,"column":23}},{"start":{"line":10,"column":27},"end":{"line":10,"column":53}}],"line":10},"2":{"loc":{"start":{"line":22,"column":4},"end":{"line":24,"column":5}},"type":"if","locations":[{"start":{"line":22,"column":4},"end":{"line":24,"column":5}},{"start":{},"end":{}}],"line":22},"3":{"loc":{"start":{"line":31,"column":4},"end":{"line":33,"column":5}},"type":"if","locations":[{"start":{"line":31,"column":4},"end":{"line":33,"column":5}},{"start":{},"end":{}}],"line":31},"4":{"loc":{"start":{"line":50,"column":4},"end":{"line":52,"column":5}},"type":"if","locations":[{"start":{"line":50,"column":4},"end":{"line":52,"column":5}},{"start":{},"end":{}}],"line":50},"5":{"loc":{"start":{"line":55,"column":4},"end":{"line":57,"column":5}},"type":"if","locations":[{"start":{"line":55,"column":4},"end":{"line":57,"column":5}},{"start":{},"end":{}}],"line":55},"6":{"loc":{"start":{"line":59,"column":24},"end":{"line":59,"column":54}},"type":"cond-expr","locations":[{"start":{"line":59,"column":32},"end":{"line":59,"column":49}},{"start":{"line":59,"column":52},"end":{"line":59,"column":54}}],"line":59},"7":{"loc":{"start":{"line":60,"column":29},"end":{"line":60,"column":69}},"type":"cond-expr","locations":[{"start":{"line":60,"column":42},"end":{"line":60,"column":64}},{"start":{"line":60,"column":67},"end":{"line":60,"column":69}}],"line":60},"8":{"loc":{"start":{"line":61,"column":27},"end":{"line":61,"column":65}},"type":"cond-expr","locations":[{"start":{"line":61,"column":38},"end":{"line":61,"column":58}},{"start":{"line":61,"column":61},"end":{"line":61,"column":65}}],"line":61},"9":{"loc":{"start":{"line":63,"column":23},"end":{"line":63,"column":68}},"type":"cond-expr","locations":[{"start":{"line":63,"column":32},"end":{"line":63,"column":63}},{"start":{"line":63,"column":66},"end":{"line":63,"column":68}}],"line":63},"10":{"loc":{"start":{"line":83,"column":4},"end":{"line":85,"column":5}},"type":"if","locations":[{"start":{"line":83,"column":4},"end":{"line":85,"column":5}},{"start":{},"end":{}}],"line":83},"11":{"loc":{"start":{"line":103,"column":4},"end":{"line":105,"column":5}},"type":"if","locations":[{"start":{"line":103,"column":4},"end":{"line":105,"column":5}},{"start":{},"end":{}}],"line":103},"12":{"loc":{"start":{"line":107,"column":23},"end":{"line":107,"column":68}},"type":"cond-expr","locations":[{"start":{"line":107,"column":32},"end":{"line":107,"column":63}},{"start":{"line":107,"column":66},"end":{"line":107,"column":68}}],"line":107},"13":{"loc":{"start":{"line":109,"column":24},"end":{"line":109,"column":54}},"type":"cond-expr","locations":[{"start":{"line":109,"column":32},"end":{"line":109,"column":49}},{"start":{"line":109,"column":52},"end":{"line":109,"column":54}}],"line":109},"14":{"loc":{"start":{"line":110,"column":29},"end":{"line":110,"column":69}},"type":"cond-expr","locations":[{"start":{"line":110,"column":42},"end":{"line":110,"column":64}},{"start":{"line":110,"column":67},"end":{"line":110,"column":69}}],"line":110},"15":{"loc":{"start":{"line":111,"column":27},"end":{"line":111,"column":65}},"type":"cond-expr","locations":[{"start":{"line":111,"column":38},"end":{"line":111,"column":58}},{"start":{"line":111,"column":61},"end":{"line":111,"column":65}}],"line":111},"16":{"loc":{"start":{"line":131,"column":4},"end":{"line":133,"column":5}},"type":"if","locations":[{"start":{"line":131,"column":4},"end":{"line":133,"column":5}},{"start":{},"end":{}}],"line":131},"17":{"loc":{"start":{"line":136,"column":4},"end":{"line":138,"column":5}},"type":"if","locations":[{"start":{"line":136,"column":4},"end":{"line":138,"column":5}},{"start":{},"end":{}}],"line":136}},"s":{"0":1,"1":0,"2":0,"3":0,"4":0,"5":0,"6":0,"7":0,"8":0,"9":0,"10":0,"11":0,"12":0,"13":0,"14":0,"15":0,"16":0,"17":0,"18":0,"19":0,"20":0,"21":0,"22":0,"23":0,"24":0,"25":0,"26":0,"27":0,"28":0,"29":0,"30":0,"31":0,"32":0,"33":0,"34":0,"35":0,"36":0,"37":0,"38":0,"39":0,"40":0,"41":0,"42":0},"f":{"0":1,"1":0,"2":0,"3":0,"4":0,"5":0,"6":0,"7":0},"b":{"0":[0,0],"1":[0,0],"2":[0,0],"3":[0,0],"4":[0,0],"5":[0,0],"6":[0,0],"7":[0,0],"8":[0,0],"9":[0,0],"10":[0,0],"11":[0,0],"12":[0,0],"13":[0,0],"14":[0,0],"15":[0,0],"16":[0,0],"17":[0,0]},"_coverageSchema":"1a1c01bbd47fc00a2c39e90264f33305004495a9","hash":"939090d0ae05ace1fa04c53c54d9815ada702c1a"}
,"D:\\Projekan\\Personal\\Kosabi\\src\\services\\roomService.js": {"path":"D:\\Projekan\\Personal\\Kosabi\\src\\services\\roomService.js","statementMap":{"0":{"start":{"line":7,"column":4},"end":{"line":7,"column":47}},"1":{"start":{"line":8,"column":4},"end":{"line":8,"column":47}},"2":{"start":{"line":9,"column":4},"end":{"line":9,"column":65}},"3":{"start":{"line":13,"column":18},"end":{"line":13,"column":53}},"4":{"start":{"line":14,"column":4},"end":{"line":18,"column":5}},"5":{"start":{"line":15,"column":6},"end":{"line":17,"column":8}},"6":{"start":{"line":19,"column":4},"end":{"line":21,"column":6}},"7":{"start":{"line":25,"column":17},"end":{"line":25,"column":55}},"8":{"start":{"line":26,"column":4},"end":{"line":28,"column":5}},"9":{"start":{"line":27,"column":6},"end":{"line":27,"column":40}},"10":{"start":{"line":29,"column":4},"end":{"line":31,"column":6}},"11":{"start":{"line":35,"column":4},"end":{"line":37,"column":5}},"12":{"start":{"line":36,"column":6},"end":{"line":36,"column":66}},"13":{"start":{"line":51,"column":8},"end":{"line":51,"column":12}},"14":{"start":{"line":54,"column":6},"end":{"line":54,"column":64}},"15":{"start":{"line":55,"column":4},"end":{"line":57,"column":5}},"16":{"start":{"line":56,"column":6},"end":{"line":56,"column":50}},"17":{"start":{"line":59,"column":4},"end":{"line":67,"column":5}},"18":{"start":{"line":60,"column":19},"end":{"line":60,"column":63}},"19":{"start":{"line":61,"column":6},"end":{"line":63,"column":7}},"20":{"start":{"line":62,"column":8},"end":{"line":62,"column":56}},"21":{"start":{"line":64,"column":6},"end":{"line":66,"column":7}},"22":{"start":{"line":65,"column":8},"end":{"line":65,"column":48}},"23":{"start":{"line":69,"column":29},"end":{"line":69,"column":69}},"24":{"start":{"line":70,"column":23},"end":{"line":70,"column":68}},"25":{"start":{"line":70,"column":53},"end":{"line":70,"column":62}},"26":{"start":{"line":72,"column":4},"end":{"line":86,"column":7}},"27":{"start":{"line":90,"column":4},"end":{"line":92,"column":5}},"28":{"start":{"line":91,"column":6},"end":{"line":91,"column":55}},"29":{"start":{"line":107,"column":8},"end":{"line":107,"column":12}},"30":{"start":{"line":109,"column":17},"end":{"line":109,"column":55}},"31":{"start":{"line":110,"column":4},"end":{"line":112,"column":5}},"32":{"start":{"line":111,"column":6},"end":{"line":111,"column":40}},"33":{"start":{"line":115,"column":6},"end":{"line":115,"column":64}},"34":{"start":{"line":116,"column":4},"end":{"line":118,"column":5}},"35":{"start":{"line":117,"column":6},"end":{"line":117,"column":50}},"36":{"start":{"line":120,"column":4},"end":{"line":128,"column":5}},"37":{"start":{"line":121,"column":19},"end":{"line":121,"column":63}},"38":{"start":{"line":122,"column":6},"end":{"line":124,"column":7}},"39":{"start":{"line":123,"column":8},"end":{"line":123,"column":56}},"40":{"start":{"line":125,"column":6},"end":{"line":127,"column":7}},"41":{"start":{"line":126,"column":8},"end":{"line":126,"column":48}},"42":{"start":{"line":130,"column":29},"end":{"line":130,"column":69}},"43":{"start":{"line":131,"column":23},"end":{"line":131,"column":68}},"44":{"start":{"line":131,"column":53},"end":{"line":131,"column":62}},"45":{"start":{"line":133,"column":4},"end":{"line":147,"column":7}},"46":{"start":{"line":151,"column":4},"end":{"line":153,"column":5}},"47":{"start":{"line":152,"column":6},"end":{"line":152,"column":55}},"48":{"start":{"line":154,"column":17},"end":{"line":154,"column":55}},"49":{"start":{"line":155,"column":4},"end":{"line":157,"column":5}},"50":{"start":{"line":156,"column":6},"end":{"line":156,"column":40}},"51":{"start":{"line":158,"column":4},"end":{"line":158,"column":41}},"52":{"start":{"line":159,"column":4},"end":{"line":161,"column":6}},"53":{"start":{"line":165,"column":27},"end":{"line":165,"column":68}},"54":{"start":{"line":166,"column":4},"end":{"line":170,"column":5}},"55":{"start":{"line":167,"column":6},"end":{"line":169,"column":8}},"56":{"start":{"line":171,"column":4},"end":{"line":173,"column":6}},"57":{"start":{"line":177,"column":26},"end":{"line":177,"column":66}},"58":{"start":{"line":178,"column":4},"end":{"line":182,"column":5}},"59":{"start":{"line":179,"column":6},"end":{"line":181,"column":8}},"60":{"start":{"line":183,"column":4},"end":{"line":185,"column":6}},"61":{"start":{"line":189,"column":28},"end":{"line":189,"column":76}},"62":{"start":{"line":190,"column":4},"end":{"line":194,"column":5}},"63":{"start":{"line":191,"column":6},"end":{"line":193,"column":8}},"64":{"start":{"line":195,"column":4},"end":{"line":197,"column":6}},"65":{"start":{"line":201,"column":26},"end":{"line":201,"column":66}},"66":{"start":{"line":202,"column":4},"end":{"line":206,"column":5}},"67":{"start":{"line":203,"column":6},"end":{"line":205,"column":8}},"68":{"start":{"line":207,"column":4},"end":{"line":209,"column":6}}},"fnMap":{"0":{"name":"(anonymous_0)","decl":{"start":{"line":6,"column":2},"end":{"line":6,"column":3}},"loc":{"start":{"line":6,"column":16},"end":{"line":10,"column":3}},"line":6},"1":{"name":"(anonymous_1)","decl":{"start":{"line":12,"column":2},"end":{"line":12,"column":3}},"loc":{"start":{"line":12,"column":22},"end":{"line":22,"column":3}},"line":12},"2":{"name":"(anonymous_2)","decl":{"start":{"line":24,"column":2},"end":{"line":24,"column":3}},"loc":{"start":{"line":24,"column":24},"end":{"line":32,"column":3}},"line":24},"3":{"name":"(anonymous_3)","decl":{"start":{"line":34,"column":2},"end":{"line":34,"column":3}},"loc":{"start":{"line":34,"column":33},"end":{"line":87,"column":3}},"line":34},"4":{"name":"(anonymous_4)","decl":{"start":{"line":70,"column":43},"end":{"line":70,"column":44}},"loc":{"start":{"line":70,"column":53},"end":{"line":70,"column":62}},"line":70},"5":{"name":"(anonymous_5)","decl":{"start":{"line":89,"column":2},"end":{"line":89,"column":3}},"loc":{"start":{"line":89,"column":37},"end":{"line":148,"column":3}},"line":89},"6":{"name":"(anonymous_6)","decl":{"start":{"line":131,"column":43},"end":{"line":131,"column":44}},"loc":{"start":{"line":131,"column":53},"end":{"line":131,"column":62}},"line":131},"7":{"name":"(anonymous_7)","decl":{"start":{"line":150,"column":2},"end":{"line":150,"column":3}},"loc":{"start":{"line":150,"column":23},"end":{"line":162,"column":3}},"line":150},"8":{"name":"(anonymous_8)","decl":{"start":{"line":164,"column":2},"end":{"line":164,"column":3}},"loc":{"start":{"line":164,"column":28},"end":{"line":174,"column":3}},"line":164},"9":{"name":"(anonymous_9)","decl":{"start":{"line":176,"column":2},"end":{"line":176,"column":3}},"loc":{"start":{"line":176,"column":27},"end":{"line":186,"column":3}},"line":176},"10":{"name":"(anonymous_10)","decl":{"start":{"line":188,"column":2},"end":{"line":188,"column":3}},"loc":{"start":{"line":188,"column":29},"end":{"line":198,"column":3}},"line":188},"11":{"name":"(anonymous_11)","decl":{"start":{"line":200,"column":2},"end":{"line":200,"column":3}},"loc":{"start":{"line":200,"column":27},"end":{"line":210,"column":3}},"line":200}},"branchMap":{"0":{"loc":{"start":{"line":14,"column":4},"end":{"line":18,"column":5}},"type":"if","locations":[{"start":{"line":14,"column":4},"end":{"line":18,"column":5}},{"start":{},"end":{}}],"line":14},"1":{"loc":{"start":{"line":14,"column":8},"end":{"line":14,"column":35}},"type":"binary-expr","locations":[{"start":{"line":14,"column":8},"end":{"line":14,"column":14}},{"start":{"line":14,"column":18},"end":{"line":14,"column":35}}],"line":14},"2":{"loc":{"start":{"line":26,"column":4},"end":{"line":28,"column":5}},"type":"if","locations":[{"start":{"line":26,"column":4},"end":{"line":28,"column":5}},{"start":{},"end":{}}],"line":26},"3":{"loc":{"start":{"line":35,"column":4},"end":{"line":37,"column":5}},"type":"if","locations":[{"start":{"line":35,"column":4},"end":{"line":37,"column":5}},{"start":{},"end":{}}],"line":35},"4":{"loc":{"start":{"line":55,"column":4},"end":{"line":57,"column":5}},"type":"if","locations":[{"start":{"line":55,"column":4},"end":{"line":57,"column":5}},{"start":{},"end":{}}],"line":55},"5":{"loc":{"start":{"line":59,"column":4},"end":{"line":67,"column":5}},"type":"if","locations":[{"start":{"line":59,"column":4},"end":{"line":67,"column":5}},{"start":{},"end":{}}],"line":59},"6":{"loc":{"start":{"line":61,"column":6},"end":{"line":63,"column":7}},"type":"if","locations":[{"start":{"line":61,"column":6},"end":{"line":63,"column":7}},{"start":{},"end":{}}],"line":61},"7":{"loc":{"start":{"line":64,"column":6},"end":{"line":66,"column":7}},"type":"if","locations":[{"start":{"line":64,"column":6},"end":{"line":66,"column":7}},{"start":{},"end":{}}],"line":64},"8":{"loc":{"start":{"line":69,"column":29},"end":{"line":69,"column":69}},"type":"cond-expr","locations":[{"start":{"line":69,"column":42},"end":{"line":69,"column":64}},{"start":{"line":69,"column":67},"end":{"line":69,"column":69}}],"line":69},"9":{"loc":{"start":{"line":70,"column":23},"end":{"line":70,"column":68}},"type":"cond-expr","locations":[{"start":{"line":70,"column":32},"end":{"line":70,"column":63}},{"start":{"line":70,"column":66},"end":{"line":70,"column":68}}],"line":70},"10":{"loc":{"start":{"line":90,"column":4},"end":{"line":92,"column":5}},"type":"if","locations":[{"start":{"line":90,"column":4},"end":{"line":92,"column":5}},{"start":{},"end":{}}],"line":90},"11":{"loc":{"start":{"line":110,"column":4},"end":{"line":112,"column":5}},"type":"if","locations":[{"start":{"line":110,"column":4},"end":{"line":112,"column":5}},{"start":{},"end":{}}],"line":110},"12":{"loc":{"start":{"line":116,"column":4},"end":{"line":118,"column":5}},"type":"if","locations":[{"start":{"line":116,"column":4},"end":{"line":118,"column":5}},{"start":{},"end":{}}],"line":116},"13":{"loc":{"start":{"line":120,"column":4},"end":{"line":128,"column":5}},"type":"if","locations":[{"start":{"line":120,"column":4},"end":{"line":128,"column":5}},{"start":{},"end":{}}],"line":120},"14":{"loc":{"start":{"line":122,"column":6},"end":{"line":124,"column":7}},"type":"if","locations":[{"start":{"line":122,"column":6},"end":{"line":124,"column":7}},{"start":{},"end":{}}],"line":122},"15":{"loc":{"start":{"line":125,"column":6},"end":{"line":127,"column":7}},"type":"if","locations":[{"start":{"line":125,"column":6},"end":{"line":127,"column":7}},{"start":{},"end":{}}],"line":125},"16":{"loc":{"start":{"line":130,"column":29},"end":{"line":130,"column":69}},"type":"cond-expr","locations":[{"start":{"line":130,"column":42},"end":{"line":130,"column":64}},{"start":{"line":130,"column":67},"end":{"line":130,"column":69}}],"line":130},"17":{"loc":{"start":{"line":131,"column":23},"end":{"line":131,"column":68}},"type":"cond-expr","locations":[{"start":{"line":131,"column":32},"end":{"line":131,"column":63}},{"start":{"line":131,"column":66},"end":{"line":131,"column":68}}],"line":131},"18":{"loc":{"start":{"line":151,"column":4},"end":{"line":153,"column":5}},"type":"if","locations":[{"start":{"line":151,"column":4},"end":{"line":153,"column":5}},{"start":{},"end":{}}],"line":151},"19":{"loc":{"start":{"line":155,"column":4},"end":{"line":157,"column":5}},"type":"if","locations":[{"start":{"line":155,"column":4},"end":{"line":157,"column":5}},{"start":{},"end":{}}],"line":155},"20":{"loc":{"start":{"line":166,"column":4},"end":{"line":170,"column":5}},"type":"if","locations":[{"start":{"line":166,"column":4},"end":{"line":170,"column":5}},{"start":{},"end":{}}],"line":166},"21":{"loc":{"start":{"line":166,"column":8},"end":{"line":166,"column":53}},"type":"binary-expr","locations":[{"start":{"line":166,"column":8},"end":{"line":166,"column":23}},{"start":{"line":166,"column":27},"end":{"line":166,"column":53}}],"line":166},"22":{"loc":{"start":{"line":178,"column":4},"end":{"line":182,"column":5}},"type":"if","locations":[{"start":{"line":178,"column":4},"end":{"line":182,"column":5}},{"start":{},"end":{}}],"line":178},"23":{"loc":{"start":{"line":178,"column":8},"end":{"line":178,"column":51}},"type":"binary-expr","locations":[{"start":{"line":178,"column":8},"end":{"line":178,"column":22}},{"start":{"line":178,"column":26},"end":{"line":178,"column":51}}],"line":178},"24":{"loc":{"start":{"line":190,"column":4},"end":{"line":194,"column":5}},"type":"if","locations":[{"start":{"line":190,"column":4},"end":{"line":194,"column":5}},{"start":{},"end":{}}],"line":190},"25":{"loc":{"start":{"line":190,"column":8},"end":{"line":190,"column":55}},"type":"binary-expr","locations":[{"start":{"line":190,"column":8},"end":{"line":190,"column":24}},{"start":{"line":190,"column":28},"end":{"line":190,"column":55}}],"line":190},"26":{"loc":{"start":{"line":202,"column":4},"end":{"line":206,"column":5}},"type":"if","locations":[{"start":{"line":202,"column":4},"end":{"line":206,"column":5}},{"start":{},"end":{}}],"line":202},"27":{"loc":{"start":{"line":202,"column":8},"end":{"line":202,"column":51}},"type":"binary-expr","locations":[{"start":{"line":202,"column":8},"end":{"line":202,"column":22}},{"start":{"line":202,"column":26},"end":{"line":202,"column":51}}],"line":202}},"s":{"0":1,"1":1,"2":1,"3":0,"4":0,"5":0,"6":0,"7":0,"8":0,"9":0,"10":0,"11":0,"12":0,"13":0,"14":0,"15":0,"16":0,"17":0,"18":0,"19":0,"20":0,"21":0,"22":0,"23":0,"24":0,"25":0,"26":0,"27":0,"28":0,"29":0,"30":0,"31":0,"32":0,"33":0,"34":0,"35":0,"36":0,"37":0,"38":0,"39":0,"40":0,"41":0,"42":0,"43":0,"44":0,"45":0,"46":0,"47":0,"48":0,"49":0,"50":0,"51":0,"52":0,"53":0,"54":0,"55":0,"56":0,"57":0,"58":0,"59":0,"60":0,"61":0,"62":0,"63":0,"64":0,"65":0,"66":0,"67":0,"68":0},"f":{"0":1,"1":0,"2":0,"3":0,"4":0,"5":0,"6":0,"7":0,"8":0,"9":0,"10":0,"11":0},"b":{"0":[0,0],"1":[0,0],"2":[0,0],"3":[0,0],"4":[0,0],"5":[0,0],"6":[0,0],"7":[0,0],"8":[0,0],"9":[0,0],"10":[0,0],"11":[0,0],"12":[0,0],"13":[0,0],"14":[0,0],"15":[0,0],"16":[0,0],"17":[0,0],"18":[0,0],"19":[0,0],"20":[0,0],"21":[0,0],"22":[0,0],"23":[0,0],"24":[0,0],"25":[0,0],"26":[0,0],"27":[0,0]},"_coverageSchema":"1a1c01bbd47fc00a2c39e90264f33305004495a9","hash":"52e5bd3a67bc94f8c9b8961588ee5bc02eaf0f4f"}
,"D:\\Projekan\\Personal\\Kosabi\\src\\services\\userService.js": {"path":"D:\\Projekan\\Personal\\Kosabi\\src\\services\\userService.js","statementMap":{"0":{"start":{"line":7,"column":4},"end":{"line":7,"column":43}},"1":{"start":{"line":8,"column":4},"end":{"line":8,"column":47}},"2":{"start":{"line":9,"column":4},"end":{"line":9,"column":51}},"3":{"start":{"line":13,"column":17},"end":{"line":13,"column":51}},"4":{"start":{"line":14,"column":4},"end":{"line":16,"column":5}},"5":{"start":{"line":15,"column":6},"end":{"line":15,"column":40}},"6":{"start":{"line":17,"column":4},"end":{"line":19,"column":6}},"7":{"start":{"line":23,"column":17},"end":{"line":23,"column":51}},"8":{"start":{"line":24,"column":4},"end":{"line":26,"column":5}},"9":{"start":{"line":25,"column":6},"end":{"line":25,"column":40}},"10":{"start":{"line":27,"column":4},"end":{"line":29,"column":5}},"11":{"start":{"line":28,"column":6},"end":{"line":28,"column":56}},"12":{"start":{"line":30,"column":4},"end":{"line":32,"column":7}},"13":{"start":{"line":33,"column":4},"end":{"line":35,"column":6}},"14":{"start":{"line":39,"column":4},"end":{"line":41,"column":5}},"15":{"start":{"line":40,"column":6},"end":{"line":40,"column":60}},"16":{"start":{"line":43,"column":35},"end":{"line":43,"column":39}},"17":{"start":{"line":44,"column":17},"end":{"line":44,"column":51}},"18":{"start":{"line":45,"column":4},"end":{"line":47,"column":5}},"19":{"start":{"line":46,"column":6},"end":{"line":46,"column":40}},"20":{"start":{"line":48,"column":4},"end":{"line":52,"column":7}},"21":{"start":{"line":56,"column":17},"end":{"line":56,"column":51}},"22":{"start":{"line":57,"column":4},"end":{"line":59,"column":5}},"23":{"start":{"line":58,"column":6},"end":{"line":58,"column":40}},"24":{"start":{"line":60,"column":4},"end":{"line":62,"column":5}},"25":{"start":{"line":61,"column":6},"end":{"line":61,"column":45}},"26":{"start":{"line":63,"column":4},"end":{"line":63,"column":39}},"27":{"start":{"line":64,"column":4},"end":{"line":66,"column":6}},"28":{"start":{"line":70,"column":17},"end":{"line":70,"column":51}},"29":{"start":{"line":71,"column":4},"end":{"line":73,"column":5}},"30":{"start":{"line":72,"column":6},"end":{"line":72,"column":40}},"31":{"start":{"line":74,"column":4},"end":{"line":76,"column":5}},"32":{"start":{"line":75,"column":6},"end":{"line":75,"column":49}},"33":{"start":{"line":77,"column":4},"end":{"line":77,"column":41}},"34":{"start":{"line":78,"column":4},"end":{"line":80,"column":6}},"35":{"start":{"line":84,"column":17},"end":{"line":84,"column":51}},"36":{"start":{"line":85,"column":4},"end":{"line":87,"column":5}},"37":{"start":{"line":86,"column":6},"end":{"line":86,"column":40}},"38":{"start":{"line":88,"column":4},"end":{"line":88,"column":37}},"39":{"start":{"line":89,"column":4},"end":{"line":91,"column":6}},"40":{"start":{"line":95,"column":17},"end":{"line":95,"column":51}},"41":{"start":{"line":96,"column":4},"end":{"line":98,"column":5}},"42":{"start":{"line":97,"column":6},"end":{"line":97,"column":40}},"43":{"start":{"line":99,"column":21},"end":{"line":99,"column":67}},"44":{"start":{"line":100,"column":4},"end":{"line":102,"column":5}},"45":{"start":{"line":101,"column":6},"end":{"line":101,"column":45}},"46":{"start":{"line":103,"column":4},"end":{"line":105,"column":6}},"47":{"start":{"line":109,"column":17},"end":{"line":109,"column":51}},"48":{"start":{"line":110,"column":4},"end":{"line":112,"column":5}},"49":{"start":{"line":111,"column":6},"end":{"line":111,"column":40}},"50":{"start":{"line":113,"column":23},"end":{"line":113,"column":67}},"51":{"start":{"line":114,"column":4},"end":{"line":116,"column":5}},"52":{"start":{"line":115,"column":6},"end":{"line":115,"column":47}},"53":{"start":{"line":117,"column":4},"end":{"line":119,"column":6}}},"fnMap":{"0":{"name":"(anonymous_0)","decl":{"start":{"line":6,"column":2},"end":{"line":6,"column":3}},"loc":{"start":{"line":6,"column":16},"end":{"line":10,"column":3}},"line":6},"1":{"name":"(anonymous_1)","decl":{"start":{"line":12,"column":2},"end":{"line":12,"column":3}},"loc":{"start":{"line":12,"column":24},"end":{"line":20,"column":3}},"line":12},"2":{"name":"(anonymous_2)","decl":{"start":{"line":22,"column":2},"end":{"line":22,"column":3}},"loc":{"start":{"line":22,"column":33},"end":{"line":36,"column":3}},"line":22},"3":{"name":"(anonymous_3)","decl":{"start":{"line":38,"column":2},"end":{"line":38,"column":3}},"loc":{"start":{"line":38,"column":36},"end":{"line":53,"column":3}},"line":38},"4":{"name":"(anonymous_4)","decl":{"start":{"line":55,"column":2},"end":{"line":55,"column":3}},"loc":{"start":{"line":55,"column":25},"end":{"line":67,"column":3}},"line":55},"5":{"name":"(anonymous_5)","decl":{"start":{"line":69,"column":2},"end":{"line":69,"column":3}},"loc":{"start":{"line":69,"column":27},"end":{"line":81,"column":3}},"line":69},"6":{"name":"(anonymous_6)","decl":{"start":{"line":83,"column":2},"end":{"line":83,"column":3}},"loc":{"start":{"line":83,"column":23},"end":{"line":92,"column":3}},"line":83},"7":{"name":"(anonymous_7)","decl":{"start":{"line":94,"column":2},"end":{"line":94,"column":3}},"loc":{"start":{"line":94,"column":24},"end":{"line":106,"column":3}},"line":94},"8":{"name":"(anonymous_8)","decl":{"start":{"line":108,"column":2},"end":{"line":108,"column":3}},"loc":{"start":{"line":108,"column":26},"end":{"line":120,"column":3}},"line":108}},"branchMap":{"0":{"loc":{"start":{"line":14,"column":4},"end":{"line":16,"column":5}},"type":"if","locations":[{"start":{"line":14,"column":4},"end":{"line":16,"column":5}},{"start":{},"end":{}}],"line":14},"1":{"loc":{"start":{"line":24,"column":4},"end":{"line":26,"column":5}},"type":"if","locations":[{"start":{"line":24,"column":4},"end":{"line":26,"column":5}},{"start":{},"end":{}}],"line":24},"2":{"loc":{"start":{"line":27,"column":4},"end":{"line":29,"column":5}},"type":"if","locations":[{"start":{"line":27,"column":4},"end":{"line":29,"column":5}},{"start":{},"end":{}}],"line":27},"3":{"loc":{"start":{"line":39,"column":4},"end":{"line":41,"column":5}},"type":"if","locations":[{"start":{"line":39,"column":4},"end":{"line":41,"column":5}},{"start":{},"end":{}}],"line":39},"4":{"loc":{"start":{"line":45,"column":4},"end":{"line":47,"column":5}},"type":"if","locations":[{"start":{"line":45,"column":4},"end":{"line":47,"column":5}},{"start":{},"end":{}}],"line":45},"5":{"loc":{"start":{"line":57,"column":4},"end":{"line":59,"column":5}},"type":"if","locations":[{"start":{"line":57,"column":4},"end":{"line":59,"column":5}},{"start":{},"end":{}}],"line":57},"6":{"loc":{"start":{"line":60,"column":4},"end":{"line":62,"column":5}},"type":"if","locations":[{"start":{"line":60,"column":4},"end":{"line":62,"column":5}},{"start":{},"end":{}}],"line":60},"7":{"loc":{"start":{"line":71,"column":4},"end":{"line":73,"column":5}},"type":"if","locations":[{"start":{"line":71,"column":4},"end":{"line":73,"column":5}},{"start":{},"end":{}}],"line":71},"8":{"loc":{"start":{"line":74,"column":4},"end":{"line":76,"column":5}},"type":"if","locations":[{"start":{"line":74,"column":4},"end":{"line":76,"column":5}},{"start":{},"end":{}}],"line":74},"9":{"loc":{"start":{"line":85,"column":4},"end":{"line":87,"column":5}},"type":"if","locations":[{"start":{"line":85,"column":4},"end":{"line":87,"column":5}},{"start":{},"end":{}}],"line":85},"10":{"loc":{"start":{"line":96,"column":4},"end":{"line":98,"column":5}},"type":"if","locations":[{"start":{"line":96,"column":4},"end":{"line":98,"column":5}},{"start":{},"end":{}}],"line":96},"11":{"loc":{"start":{"line":100,"column":4},"end":{"line":102,"column":5}},"type":"if","locations":[{"start":{"line":100,"column":4},"end":{"line":102,"column":5}},{"start":{},"end":{}}],"line":100},"12":{"loc":{"start":{"line":110,"column":4},"end":{"line":112,"column":5}},"type":"if","locations":[{"start":{"line":110,"column":4},"end":{"line":112,"column":5}},{"start":{},"end":{}}],"line":110},"13":{"loc":{"start":{"line":114,"column":4},"end":{"line":116,"column":5}},"type":"if","locations":[{"start":{"line":114,"column":4},"end":{"line":116,"column":5}},{"start":{},"end":{}}],"line":114}},"s":{"0":1,"1":1,"2":1,"3":0,"4":0,"5":0,"6":0,"7":0,"8":0,"9":0,"10":0,"11":0,"12":0,"13":0,"14":0,"15":0,"16":0,"17":0,"18":0,"19":0,"20":0,"21":0,"22":0,"23":0,"24":0,"25":0,"26":0,"27":0,"28":0,"29":0,"30":0,"31":0,"32":0,"33":0,"34":0,"35":0,"36":0,"37":0,"38":0,"39":0,"40":0,"41":0,"42":0,"43":0,"44":0,"45":0,"46":0,"47":0,"48":0,"49":0,"50":0,"51":0,"52":0,"53":0},"f":{"0":1,"1":0,"2":0,"3":0,"4":0,"5":0,"6":0,"7":0,"8":0},"b":{"0":[0,0],"1":[0,0],"2":[0,0],"3":[0,0],"4":[0,0],"5":[0,0],"6":[0,0],"7":[0,0],"8":[0,0],"9":[0,0],"10":[0,0],"11":[0,0],"12":[0,0],"13":[0,0]},"_coverageSchema":"1a1c01bbd47fc00a2c39e90264f33305004495a9","hash":"dcba0c287fc7f70ef530270cd958d794baadba69"}
,"D:\\Projekan\\Personal\\Kosabi\\test\\test-util.js": {"path":"D:\\Projekan\\Personal\\Kosabi\\test\\test-util.js","statementMap":{"0":{"start":{"line":5,"column":30},"end":{"line":8,"column":1}},"1":{"start":{"line":6,"column":2},"end":{"line":6,"column":69}},"2":{"start":{"line":7,"column":2},"end":{"line":7,"column":26}},"3":{"start":{"line":10,"column":30},"end":{"line":16,"column":1}},"4":{"start":{"line":11,"column":2},"end":{"line":15,"column":5}},"5":{"start":{"line":18,"column":27},"end":{"line":20,"column":1}},"6":{"start":{"line":19,"column":2},"end":{"line":19,"column":46}}},"fnMap":{"0":{"name":"(anonymous_0)","decl":{"start":{"line":5,"column":30},"end":{"line":5,"column":31}},"loc":{"start":{"line":5,"column":42},"end":{"line":8,"column":1}},"line":5},"1":{"name":"(anonymous_1)","decl":{"start":{"line":10,"column":30},"end":{"line":10,"column":31}},"loc":{"start":{"line":10,"column":42},"end":{"line":16,"column":1}},"line":10},"2":{"name":"(anonymous_2)","decl":{"start":{"line":18,"column":27},"end":{"line":18,"column":28}},"loc":{"start":{"line":18,"column":39},"end":{"line":20,"column":1}},"line":18}},"branchMap":{},"s":{"0":1,"1":7,"2":7,"3":1,"4":0,"5":1,"6":0},"f":{"0":7,"1":0,"2":0},"b":{},"_coverageSchema":"1a1c01bbd47fc00a2c39e90264f33305004495a9","hash":"d8f5b1d8cde08e9a14be6b631a416ead8f7cc4e4"}
}
